  dif_rec.cpp
D:\GOD Programation\BTI\Semestre 3\Linguagem de Programação 1\AtividadesC++\projeto-1---campo-minado-yago-e-niquele\CampoMinado\CampoMinado\dif_rec.cpp(85,67): warning C4244: '=': conversão de '_Rep' para 'int', possível perda de dados
          with
          [
              _Rep=__int64
          ]
D:\GOD Programation\BTI\Semestre 3\Linguagem de Programação 1\AtividadesC++\projeto-1---campo-minado-yago-e-niquele\CampoMinado\CampoMinado\dif_rec.cpp(113,67): warning C4244: '=': conversão de '_Rep' para 'int', possível perda de dados
          with
          [
              _Rep=__int64
          ]
D:\GOD Programation\BTI\Semestre 3\Linguagem de Programação 1\AtividadesC++\projeto-1---campo-minado-yago-e-niquele\CampoMinado\CampoMinado\dif_rec.cpp(141,67): warning C4244: '=': conversão de '_Rep' para 'int', possível perda de dados
          with
          [
              _Rep=__int64
          ]
  function.cpp
  Gerando Código...
D:\GOD Programation\BTI\Semestre 3\Linguagem de Programação 1\AtividadesC++\projeto-1---campo-minado-yago-e-niquele\CampoMinado\CampoMinado\function.h(410): warning C4715: 'condicao_termino<31>': nem todos os caminhos de controle retornam um valor
D:\GOD Programation\BTI\Semestre 3\Linguagem de Programação 1\AtividadesC++\projeto-1---campo-minado-yago-e-niquele\CampoMinado\CampoMinado\function.h(410): warning C4715: 'condicao_termino<11>': nem todos os caminhos de controle retornam um valor
D:\GOD Programation\BTI\Semestre 3\Linguagem de Programação 1\AtividadesC++\projeto-1---campo-minado-yago-e-niquele\CampoMinado\CampoMinado\function.h(410): warning C4715: 'condicao_termino<16>': nem todos os caminhos de controle retornam um valor
  CampoMinado.vcxproj -> D:\GOD Programation\BTI\Semestre 3\Linguagem de Programação 1\AtividadesC++\projeto-1---campo-minado-yago-e-niquele\CampoMinado\x64\Debug\CampoMinado.exe
